<?xml version="1.0" encoding="UTF-8"?>
<!-- Generated by org.testng.reporters.JUnitXMLReporter -->
<testsuite ignored="2" hostname="ITINNOH-DW0095" failures="0" tests="0" time="0.011" errors="0" timestamp="2024-03-11T11:42:06 EET">
  <testcase classname="com.dwp.qa.test.LoginPageTest" name="ItemNameSearch" time="0.0">
    <ignored/>
  </testcase> <!-- ItemNameSearch -->
  <testcase classname="com.dwp.qa.test.LoginPageTest" name="TakeScreen" time="0.0">
    <ignored/>
  </testcase> <!-- TakeScreen -->
</testsuite>
