<?xml version="1.0" encoding="UTF-8"?>
<!-- Generated by org.testng.reporters.JUnitXMLReporter -->
<testsuite ignored="23" hostname="ITINNOH-DW0095" failures="0" tests="2" name="AllTests" time="15.282" errors="0" timestamp="2024-04-18T13:11:02 EET">
  <testcase classname="com.dwp.qa.test.LoginPageTest" name="PRU" time="0.02"/>
  <testcase classname="com.dwp.qa.test.LoginPageTest" name="submit" time="15.05"/>
  <testcase classname="com.dwp.qa.test.LoginPageTest" name="itemNameSearch" time="0.0">
    <ignored/>
  </testcase> <!-- itemNameSearch -->
  <testcase classname="com.dwp.qa.test.LoginPageTest" name="packagingRequireement" time="0.0">
    <ignored/>
  </testcase> <!-- packagingRequireement -->
  <testcase classname="com.dwp.qa.test.LoginPageTest" name="showProductAreaDialog" time="0.0">
    <ignored/>
  </testcase> <!-- showProductAreaDialog -->
  <testcase classname="com.dwp.qa.test.LoginPageTest" name="copyNewDWP" time="0.0">
    <ignored/>
  </testcase> <!-- copyNewDWP -->
  <testcase classname="com.dwp.qa.test.LoginPageTest" name="expiredButtonSearch" time="0.0">
    <ignored/>
  </testcase> <!-- expiredButtonSearch -->
  <testcase classname="com.dwp.qa.test.LoginPageTest" name="productArea" time="0.0">
    <ignored/>
  </testcase> <!-- productArea -->
  <testcase classname="com.dwp.qa.test.LoginPageTest" name="deleteButtonSearch" time="0.0">
    <ignored/>
  </testcase> <!-- deleteButtonSearch -->
  <testcase classname="com.dwp.qa.test.LoginPageTest" name="newBlankSearch" time="0.0">
    <ignored/>
  </testcase> <!-- newBlankSearch -->
  <testcase classname="com.dwp.qa.test.LoginPageTest" name="preliminaryStatus" time="0.0">
    <ignored/>
  </testcase> <!-- preliminaryStatus -->
  <testcase classname="com.dwp.qa.test.LoginPageTest" name="findChangeRequest" time="0.0">
    <ignored/>
  </testcase> <!-- findChangeRequest -->
  <testcase classname="com.dwp.qa.test.LoginPageTest" name="showActualDWPSearch" time="0.0">
    <ignored/>
  </testcase> <!-- showActualDWPSearch -->
  <testcase classname="com.dwp.qa.test.LoginPageTest" name="contextMenu" time="0.0">
    <ignored/>
  </testcase> <!-- contextMenu -->
  <testcase classname="com.dwp.qa.test.LoginPageTest" name="searchDialogBox" time="0.0">
    <ignored/>
  </testcase> <!-- searchDialogBox -->
  <testcase classname="com.dwp.qa.test.LoginPageTest" name="reqIssuerSearch" time="0.0">
    <ignored/>
  </testcase> <!-- reqIssuerSearch -->
  <testcase classname="com.dwp.qa.test.LoginPageTest" name="viewMode" time="0.0">
    <ignored/>
  </testcase> <!-- viewMode -->
  <testcase classname="com.dwp.qa.test.LoginPageTest" name="multiUpdate" time="0.0">
    <ignored/>
  </testcase> <!-- multiUpdate -->
  <testcase classname="com.dwp.qa.test.LoginPageTest" name="Clear" time="0.0">
    <ignored/>
  </testcase> <!-- Clear -->
  <testcase classname="com.dwp.qa.test.LoginPageTest" name="expiredStatus" time="0.0">
    <ignored/>
  </testcase> <!-- expiredStatus -->
  <testcase classname="com.dwp.qa.test.LoginPageTest" name="itemNumberSearch" time="0.0">
    <ignored/>
  </testcase> <!-- itemNumberSearch -->
  <testcase classname="com.dwp.qa.test.LoginPageTest" name="submittedStatus" time="0.0">
    <ignored/>
  </testcase> <!-- submittedStatus -->
  <testcase classname="com.dwp.qa.test.LoginPageTest" name="multiCreate" time="0.0">
    <ignored/>
  </testcase> <!-- multiCreate -->
  <testcase classname="com.dwp.qa.test.LoginPageTest" name="draftStatus" time="0.0">
    <ignored/>
  </testcase> <!-- draftStatus -->
  <testcase classname="com.dwp.qa.test.LoginPageTest" name="HFB" time="0.0">
    <ignored/>
  </testcase> <!-- HFB -->
</testsuite> <!-- AllTests -->
