<?xml version="1.0" encoding="UTF-8"?>
<testng-results ignored="24" total="27" passed="3" failed="0" skipped="0">
  <reporter-output>
  </reporter-output>
  <suite started-at="2024-07-25T10:34:04 EET" name="Dimensionsweightsandpackages" finished-at="2024-07-25T10:35:12 EET" duration-ms="67822">
    <groups>
    </groups>
    <test started-at="2024-07-25T10:34:04 EET" name="RequiredScreen" finished-at="2024-07-25T10:35:12 EET" duration-ms="67822">
      <class name="com.dwp.qa.test.LoginPageTest">
        <test-method is-config="true" signature="setUp()[pri:0, instance:com.dwp.qa.test.LoginPageTest@4f0f2942]" started-at="2024-07-25T10:34:05 EET" name="setUp" finished-at="2024-07-25T10:34:05 EET" duration-ms="590" status="PASS">
          <reporter-output>
          </reporter-output>
        </test-method> <!-- setUp -->
        <test-method signature="submit()[pri:0, instance:com.dwp.qa.test.LoginPageTest@4f0f2942]" started-at="2024-07-25T10:34:05 EET" name="submit" finished-at="2024-07-25T10:34:24 EET" duration-ms="18266" status="PASS">
          <reporter-output>
          </reporter-output>
        </test-method> <!-- submit -->
        <test-method is-config="true" signature="setUp()[pri:0, instance:com.dwp.qa.test.LoginPageTest@4f0f2942]" started-at="2024-07-25T10:34:24 EET" name="setUp" finished-at="2024-07-25T10:34:24 EET" duration-ms="23" status="PASS">
          <reporter-output>
          </reporter-output>
        </test-method> <!-- setUp -->
        <test-method signature="requiredLoginPage()[pri:0, instance:com.dwp.qa.test.LoginPageTest@4f0f2942]" started-at="2024-07-25T10:34:24 EET" name="requiredLoginPage" finished-at="2024-07-25T10:34:31 EET" duration-ms="7182" status="PASS">
          <reporter-output>
          </reporter-output>
        </test-method> <!-- requiredLoginPage -->
        <test-method is-config="true" signature="setUp()[pri:0, instance:com.dwp.qa.test.LoginPageTest@4f0f2942]" started-at="2024-07-25T10:34:31 EET" name="setUp" finished-at="2024-07-25T10:34:31 EET" duration-ms="19" status="PASS">
          <reporter-output>
          </reporter-output>
        </test-method> <!-- setUp -->
        <test-method signature="multiCreate()[pri:0, instance:com.dwp.qa.test.LoginPageTest@4f0f2942]" started-at="2024-07-25T10:34:31 EET" name="multiCreate" finished-at="2024-07-25T10:35:12 EET" duration-ms="41233" status="PASS">
          <reporter-output>
          </reporter-output>
        </test-method> <!-- multiCreate -->
      </class> <!-- com.dwp.qa.test.LoginPageTest -->
    </test> <!-- RequiredScreen -->
  </suite> <!-- Dimensionsweightsandpackages -->
</testng-results>
